mode: set
github.com/imran31415/proto-db-translator/translator/migrate.go:9.75,15.40 4 1
github.com/imran31415/proto-db-translator/translator/migrate.go:15.40,17.3 1 1
github.com/imran31415/proto-db-translator/translator/migrate.go:20.2,20.43 1 1
github.com/imran31415/proto-db-translator/translator/migrate.go:20.43,21.56 1 1
github.com/imran31415/proto-db-translator/translator/migrate.go:21.56,23.95 1 1
github.com/imran31415/proto-db-translator/translator/migrate.go:23.95,26.5 1 1
github.com/imran31415/proto-db-translator/translator/migrate.go:27.9,31.4 1 1
github.com/imran31415/proto-db-translator/translator/migrate.go:35.2,35.43 1 1
github.com/imran31415/proto-db-translator/translator/migrate.go:35.43,36.79 1 1
github.com/imran31415/proto-db-translator/translator/migrate.go:36.79,38.4 1 1
github.com/imran31415/proto-db-translator/translator/migrate.go:41.2,41.27 1 1
github.com/imran31415/proto-db-translator/translator/model_generator.go:12.81,15.16 2 1
github.com/imran31415/proto-db-translator/translator/model_generator.go:15.16,17.3 1 0
github.com/imran31415/proto-db-translator/translator/model_generator.go:20.2,34.16 6 1
github.com/imran31415/proto-db-translator/translator/model_generator.go:34.16,36.3 1 0
github.com/imran31415/proto-db-translator/translator/model_generator.go:38.2,39.12 2 1
github.com/imran31415/proto-db-translator/translator/model_generator.go:41.97,47.16 3 1
github.com/imran31415/proto-db-translator/translator/model_generator.go:47.16,49.3 1 0
github.com/imran31415/proto-db-translator/translator/model_generator.go:50.2,50.15 1 1
github.com/imran31415/proto-db-translator/translator/model_generator.go:50.15,52.21 2 1
github.com/imran31415/proto-db-translator/translator/model_generator.go:52.21,54.4 1 0
github.com/imran31415/proto-db-translator/translator/model_generator.go:55.3,55.13 1 1
github.com/imran31415/proto-db-translator/translator/model_generator.go:59.2,60.16 2 1
github.com/imran31415/proto-db-translator/translator/model_generator.go:60.16,62.3 1 0
github.com/imran31415/proto-db-translator/translator/model_generator.go:64.2,68.16 3 1
github.com/imran31415/proto-db-translator/translator/model_generator.go:68.16,70.3 1 0
github.com/imran31415/proto-db-translator/translator/model_generator.go:72.2,74.45 2 1
github.com/imran31415/proto-db-translator/translator/model_generator.go:74.45,78.17 3 1
github.com/imran31415/proto-db-translator/translator/model_generator.go:78.17,80.4 1 0
github.com/imran31415/proto-db-translator/translator/model_generator.go:81.3,81.48 1 1
github.com/imran31415/proto-db-translator/translator/model_generator.go:85.2,86.16 2 1
github.com/imran31415/proto-db-translator/translator/model_generator.go:86.16,88.3 1 0
github.com/imran31415/proto-db-translator/translator/model_generator.go:91.2,91.45 1 1
github.com/imran31415/proto-db-translator/translator/model_generator.go:91.45,97.17 3 1
github.com/imran31415/proto-db-translator/translator/model_generator.go:97.17,99.4 1 0
github.com/imran31415/proto-db-translator/translator/model_generator.go:102.3,107.17 4 1
github.com/imran31415/proto-db-translator/translator/model_generator.go:107.17,109.4 1 0
github.com/imran31415/proto-db-translator/translator/model_generator.go:112.3,113.17 2 1
github.com/imran31415/proto-db-translator/translator/model_generator.go:113.17,115.4 1 0
github.com/imran31415/proto-db-translator/translator/model_generator.go:118.3,122.17 3 1
github.com/imran31415/proto-db-translator/translator/model_generator.go:122.17,124.4 1 0
github.com/imran31415/proto-db-translator/translator/model_generator.go:126.3,126.102 1 1
github.com/imran31415/proto-db-translator/translator/model_generator.go:129.2,129.12 1 1
github.com/imran31415/proto-db-translator/translator/translate.go:33.44,43.2 1 1
github.com/imran31415/proto-db-translator/translator/translate.go:45.45,49.2 1 1
github.com/imran31415/proto-db-translator/translator/translate.go:55.48,59.2 1 1
github.com/imran31415/proto-db-translator/translator/translate.go:61.39,65.2 1 1
github.com/imran31415/proto-db-translator/translator/translate.go:96.75,102.41 5 1
github.com/imran31415/proto-db-translator/translator/translate.go:102.41,105.17 3 1
github.com/imran31415/proto-db-translator/translator/translate.go:105.17,107.4 1 1
github.com/imran31415/proto-db-translator/translator/translate.go:110.3,111.17 2 1
github.com/imran31415/proto-db-translator/translator/translate.go:111.17,113.4 1 0
github.com/imran31415/proto-db-translator/translator/translate.go:114.3,114.18 1 1
github.com/imran31415/proto-db-translator/translator/translate.go:114.18,116.4 1 0
github.com/imran31415/proto-db-translator/translator/translate.go:118.3,118.31 1 1
github.com/imran31415/proto-db-translator/translator/translate.go:122.2,123.41 2 1
github.com/imran31415/proto-db-translator/translator/translate.go:123.41,125.3 1 0
github.com/imran31415/proto-db-translator/translator/translate.go:126.2,135.8 2 1
github.com/imran31415/proto-db-translator/translator/translate.go:139.66,144.37 3 1
github.com/imran31415/proto-db-translator/translator/translate.go:144.37,146.50 1 1
github.com/imran31415/proto-db-translator/translator/translate.go:146.50,148.53 1 1
github.com/imran31415/proto-db-translator/translator/translate.go:148.53,151.5 2 1
github.com/imran31415/proto-db-translator/translator/translate.go:153.3,156.68 2 1
github.com/imran31415/proto-db-translator/translator/translate.go:156.68,158.4 1 1
github.com/imran31415/proto-db-translator/translator/translate.go:161.3,161.29 1 1
github.com/imran31415/proto-db-translator/translator/translate.go:161.29,163.4 1 1
github.com/imran31415/proto-db-translator/translator/translate.go:166.3,166.31 1 1
github.com/imran31415/proto-db-translator/translator/translate.go:166.31,168.4 1 1
github.com/imran31415/proto-db-translator/translator/translate.go:170.3,170.26 1 1
github.com/imran31415/proto-db-translator/translator/translate.go:170.26,172.4 1 1
github.com/imran31415/proto-db-translator/translator/translate.go:175.3,175.24 1 1
github.com/imran31415/proto-db-translator/translator/translate.go:175.24,176.51 1 1
github.com/imran31415/proto-db-translator/translator/translate.go:176.51,178.13 2 1
github.com/imran31415/proto-db-translator/translator/translate.go:179.10,181.5 1 1
github.com/imran31415/proto-db-translator/translator/translate.go:185.3,185.32 1 1
github.com/imran31415/proto-db-translator/translator/translate.go:185.32,187.4 1 1
github.com/imran31415/proto-db-translator/translator/translate.go:190.3,190.86 1 1
github.com/imran31415/proto-db-translator/translator/translate.go:190.86,192.4 1 1
github.com/imran31415/proto-db-translator/translator/translate.go:195.3,195.32 1 1
github.com/imran31415/proto-db-translator/translator/translate.go:195.32,197.4 1 1
github.com/imran31415/proto-db-translator/translator/translate.go:201.2,201.42 1 1
github.com/imran31415/proto-db-translator/translator/translate.go:201.42,203.3 1 1
github.com/imran31415/proto-db-translator/translator/translate.go:206.2,206.50 1 1
github.com/imran31415/proto-db-translator/translator/translate.go:206.50,208.3 1 1
github.com/imran31415/proto-db-translator/translator/translate.go:211.2,211.48 1 1
github.com/imran31415/proto-db-translator/translator/translate.go:211.48,213.3 1 1
github.com/imran31415/proto-db-translator/translator/translate.go:216.2,216.37 1 1
github.com/imran31415/proto-db-translator/translator/translate.go:216.37,217.62 1 1
github.com/imran31415/proto-db-translator/translator/translate.go:217.62,219.26 2 1
github.com/imran31415/proto-db-translator/translator/translate.go:219.26,221.5 1 1
github.com/imran31415/proto-db-translator/translator/translate.go:222.4,222.73 1 1
github.com/imran31415/proto-db-translator/translator/translate.go:222.73,225.5 1 1
github.com/imran31415/proto-db-translator/translator/translate.go:229.2,232.39 2 1
github.com/imran31415/proto-db-translator/translator/translate.go:232.39,234.3 1 1
github.com/imran31415/proto-db-translator/translator/translate.go:236.2,236.28 1 1
github.com/imran31415/proto-db-translator/translator/translate.go:240.89,241.30 1 1
github.com/imran31415/proto-db-translator/translator/translate.go:241.30,242.29 1 1
github.com/imran31415/proto-db-translator/translator/translate.go:242.29,244.4 1 1
github.com/imran31415/proto-db-translator/translator/translate.go:246.2,246.30 1 1
github.com/imran31415/proto-db-translator/translator/translate.go:250.50,251.26 1 1
github.com/imran31415/proto-db-translator/translator/translate.go:251.26,252.17 1 1
github.com/imran31415/proto-db-translator/translator/translate.go:252.17,254.4 1 1
github.com/imran31415/proto-db-translator/translator/translate.go:256.2,256.14 1 0
github.com/imran31415/proto-db-translator/translator/translate.go:259.104,264.20 3 1
github.com/imran31415/proto-db-translator/translator/translate.go:264.20,266.3 1 0
github.com/imran31415/proto-db-translator/translator/translate.go:268.2,269.27 2 1
github.com/imran31415/proto-db-translator/translator/translate.go:269.27,271.3 1 1
github.com/imran31415/proto-db-translator/translator/translate.go:273.2,274.9 2 1
github.com/imran31415/proto-db-translator/translator/translate.go:274.9,276.3 1 0
github.com/imran31415/proto-db-translator/translator/translate.go:278.2,279.9 2 1
github.com/imran31415/proto-db-translator/translator/translate.go:279.9,281.3 1 0
github.com/imran31415/proto-db-translator/translator/translate.go:283.2,284.9 2 1
github.com/imran31415/proto-db-translator/translator/translate.go:284.9,286.3 1 0
github.com/imran31415/proto-db-translator/translator/translate.go:288.2,289.9 2 1
github.com/imran31415/proto-db-translator/translator/translate.go:289.9,291.3 1 0
github.com/imran31415/proto-db-translator/translator/translate.go:293.2,294.9 2 1
github.com/imran31415/proto-db-translator/translator/translate.go:294.9,296.3 1 0
github.com/imran31415/proto-db-translator/translator/translate.go:298.2,299.9 2 1
github.com/imran31415/proto-db-translator/translator/translate.go:299.9,301.3 1 0
github.com/imran31415/proto-db-translator/translator/translate.go:304.2,314.21 9 1
github.com/imran31415/proto-db-translator/translator/translate.go:314.21,316.18 2 0
github.com/imran31415/proto-db-translator/translator/translate.go:316.18,318.4 1 0
github.com/imran31415/proto-db-translator/translator/translate.go:319.3,319.24 1 0
github.com/imran31415/proto-db-translator/translator/translate.go:323.2,330.25 6 1
github.com/imran31415/proto-db-translator/translator/translate.go:331.55,332.25 1 1
github.com/imran31415/proto-db-translator/translator/translate.go:333.54,334.17 1 1
github.com/imran31415/proto-db-translator/translator/translate.go:335.27,336.37 1 1
github.com/imran31415/proto-db-translator/translator/translate.go:337.11,338.37 1 1
github.com/imran31415/proto-db-translator/translator/translate.go:342.2,359.20 2 1
github.com/imran31415/proto-db-translator/translator/translate.go:362.76,364.20 2 1
github.com/imran31415/proto-db-translator/translator/translate.go:364.20,366.3 1 1
github.com/imran31415/proto-db-translator/translator/translate.go:368.2,369.9 2 0
github.com/imran31415/proto-db-translator/translator/translate.go:369.9,371.3 1 0
github.com/imran31415/proto-db-translator/translator/translate.go:373.2,373.22 1 0
github.com/imran31415/proto-db-translator/translator/translate.go:377.41,378.37 1 0
github.com/imran31415/proto-db-translator/translator/translate.go:378.37,379.62 1 0
github.com/imran31415/proto-db-translator/translator/translate.go:379.62,381.4 1 0
github.com/imran31415/proto-db-translator/translator/translate.go:383.2,383.14 1 0
github.com/imran31415/proto-db-translator/translator/utils.go:14.63,15.16 1 1
github.com/imran31415/proto-db-translator/translator/utils.go:16.37,17.15 1 1
github.com/imran31415/proto-db-translator/translator/utils.go:18.41,19.24 1 1
github.com/imran31415/proto-db-translator/translator/utils.go:20.38,21.16 1 1
github.com/imran31415/proto-db-translator/translator/utils.go:22.41,23.19 1 1
github.com/imran31415/proto-db-translator/translator/utils.go:24.42,25.20 1 1
github.com/imran31415/proto-db-translator/translator/utils.go:26.39,27.17 1 0
github.com/imran31415/proto-db-translator/translator/utils.go:28.40,29.18 1 0
github.com/imran31415/proto-db-translator/translator/utils.go:30.40,31.16 1 0
github.com/imran31415/proto-db-translator/translator/utils.go:32.10,33.16 1 0
github.com/imran31415/proto-db-translator/translator/utils.go:37.169,39.41 2 1
github.com/imran31415/proto-db-translator/translator/utils.go:39.41,40.21 1 1
github.com/imran31415/proto-db-translator/translator/utils.go:41.49,42.39 1 1
github.com/imran31415/proto-db-translator/translator/utils.go:43.47,44.37 1 1
github.com/imran31415/proto-db-translator/translator/utils.go:49.2,49.20 1 1
github.com/imran31415/proto-db-translator/translator/utils.go:50.39,51.43 1 1
github.com/imran31415/proto-db-translator/translator/utils.go:52.38,53.42 1 0
github.com/imran31415/proto-db-translator/translator/utils.go:54.51,55.55 1 1
github.com/imran31415/proto-db-translator/translator/utils.go:56.40,57.26 1 0
github.com/imran31415/proto-db-translator/translator/utils.go:57.26,59.4 1 0
github.com/imran31415/proto-db-translator/translator/utils.go:62.2,62.16 1 1
github.com/imran31415/proto-db-translator/translator/utils.go:63.26,63.26 0 1
github.com/imran31415/proto-db-translator/translator/utils.go:65.10,66.23 1 1
github.com/imran31415/proto-db-translator/translator/utils.go:67.63,68.58 1 1
github.com/imran31415/proto-db-translator/translator/utils.go:72.2,72.15 1 1
github.com/imran31415/proto-db-translator/translator/utils.go:76.51,78.2 1 1
github.com/imran31415/proto-db-translator/translator/utils.go:81.54,83.2 1 1
github.com/imran31415/proto-db-translator/translator/utils.go:86.45,87.20 1 1
github.com/imran31415/proto-db-translator/translator/utils.go:87.20,89.3 1 0
github.com/imran31415/proto-db-translator/translator/utils.go:91.2,92.32 2 1
github.com/imran31415/proto-db-translator/translator/utils.go:92.32,94.3 1 1
github.com/imran31415/proto-db-translator/translator/utils.go:96.2,96.15 1 1
github.com/imran31415/proto-db-translator/translator/utils.go:100.43,101.22 1 1
github.com/imran31415/proto-db-translator/translator/utils.go:101.22,103.3 1 1
github.com/imran31415/proto-db-translator/translator/utils.go:104.2,105.22 2 1
github.com/imran31415/proto-db-translator/translator/utils.go:105.22,107.3 1 1
github.com/imran31415/proto-db-translator/translator/utils.go:108.2,108.22 1 1
github.com/imran31415/proto-db-translator/translator/utils.go:108.22,109.12 1 1
github.com/imran31415/proto-db-translator/translator/utils.go:109.12,111.4 1 0
github.com/imran31415/proto-db-translator/translator/utils.go:113.2,113.13 1 1
github.com/imran31415/proto-db-translator/translator/utils.go:116.71,118.20 2 1
github.com/imran31415/proto-db-translator/translator/utils.go:118.20,120.3 1 0
github.com/imran31415/proto-db-translator/translator/utils.go:122.2,123.68 2 1
github.com/imran31415/proto-db-translator/translator/utils.go:123.68,125.3 1 1
github.com/imran31415/proto-db-translator/translator/utils.go:127.2,127.19 1 0
github.com/imran31415/proto-db-translator/translator/utils.go:128.45,129.22 1 0
github.com/imran31415/proto-db-translator/translator/utils.go:130.47,131.31 1 0
github.com/imran31415/proto-db-translator/translator/utils.go:132.46,133.30 1 0
github.com/imran31415/proto-db-translator/translator/utils.go:134.10,135.65 1 0
github.com/imran31415/proto-db-translator/translator/utils.go:139.72,141.20 2 1
github.com/imran31415/proto-db-translator/translator/utils.go:141.20,143.3 1 1
github.com/imran31415/proto-db-translator/translator/utils.go:145.2,146.9 2 0
github.com/imran31415/proto-db-translator/translator/utils.go:146.9,148.3 1 0
github.com/imran31415/proto-db-translator/translator/utils.go:150.2,150.25 1 0
github.com/imran31415/proto-db-translator/translator/utils.go:153.67,154.16 1 1
github.com/imran31415/proto-db-translator/translator/utils.go:155.61,156.19 1 1
github.com/imran31415/proto-db-translator/translator/utils.go:157.62,158.20 1 0
github.com/imran31415/proto-db-translator/translator/utils.go:159.62,160.20 1 0
github.com/imran31415/proto-db-translator/translator/utils.go:161.63,162.21 1 1
github.com/imran31415/proto-db-translator/translator/utils.go:163.10,164.12 1 1
github.com/imran31415/proto-db-translator/translator/utils.go:168.124,170.20 2 1
github.com/imran31415/proto-db-translator/translator/utils.go:170.20,172.3 1 1
github.com/imran31415/proto-db-translator/translator/utils.go:175.2,176.8 2 0
github.com/imran31415/proto-db-translator/translator/utils.go:176.8,178.3 1 0
github.com/imran31415/proto-db-translator/translator/utils.go:181.2,182.8 2 0
github.com/imran31415/proto-db-translator/translator/utils.go:182.8,184.3 1 0
github.com/imran31415/proto-db-translator/translator/utils.go:186.2,186.8 1 0
github.com/imran31415/proto-db-translator/translator/validate.go:13.49,15.2 1 1
github.com/imran31415/proto-db-translator/translator/validate.go:18.85,22.31 3 1
github.com/imran31415/proto-db-translator/translator/validate.go:23.26,26.21 2 1
github.com/imran31415/proto-db-translator/translator/validate.go:26.21,28.4 1 0
github.com/imran31415/proto-db-translator/translator/validate.go:29.3,33.17 3 1
github.com/imran31415/proto-db-translator/translator/validate.go:33.17,35.4 1 0
github.com/imran31415/proto-db-translator/translator/validate.go:37.25,40.21 2 1
github.com/imran31415/proto-db-translator/translator/validate.go:40.21,42.4 1 0
github.com/imran31415/proto-db-translator/translator/validate.go:43.3,48.17 4 1
github.com/imran31415/proto-db-translator/translator/validate.go:48.17,50.4 1 0
github.com/imran31415/proto-db-translator/translator/validate.go:53.3,54.17 2 1
github.com/imran31415/proto-db-translator/translator/validate.go:54.17,56.4 1 0
github.com/imran31415/proto-db-translator/translator/validate.go:59.3,59.16 1 1
github.com/imran31415/proto-db-translator/translator/validate.go:59.16,61.4 1 1
github.com/imran31415/proto-db-translator/translator/validate.go:65.2,65.45 1 1
github.com/imran31415/proto-db-translator/translator/validate.go:65.45,71.17 3 1
github.com/imran31415/proto-db-translator/translator/validate.go:71.17,73.4 1 1
github.com/imran31415/proto-db-translator/translator/validate.go:76.3,85.17 4 1
github.com/imran31415/proto-db-translator/translator/validate.go:85.17,87.4 1 1
github.com/imran31415/proto-db-translator/translator/validate.go:90.2,90.12 1 1
